<?xml version="1.0" encoding="UTF-8"?>
<testsuite xmlns:xsi="http://www.w3.org/2001/XMLSchema-instance" xsi:noNamespaceSchemaLocation="https://maven.apache.org/surefire/maven-surefire-plugin/xsd/surefire-test-report.xsd" name="com.mycompany.app.AppTest" time="0.037" tests="1" errors="0" skipped="0" failures="0">
  <properties>
    <property name="sun.desktop" value="windows"/>
    <property name="awt.toolkit" value="sun.awt.windows.WToolkit"/>
    <property name="file.encoding.pkg" value="sun.io"/>
    <property name="java.specification.version" value="1.8"/>
    <property name="sun.cpu.isalist" value="amd64"/>
    <property name="sun.jnu.encoding" value="Cp1252"/>
    <property name="java.class.path" value="E:\my-app\target\test-classes;E:\my-app\target\classes;C:\Users\mabalk\.m2\repository\junit\junit\4.11\junit-4.11.jar;C:\Users\mabalk\.m2\repository\org\hamcrest\hamcrest-core\1.3\hamcrest-core-1.3.jar;"/>
    <property name="java.vm.vendor" value="Oracle Corporation"/>
    <property name="sun.arch.data.model" value="64"/>
    <property name="user.variant" value=""/>
    <property name="java.vendor.url" value="http://java.oracle.com/"/>
    <property name="user.timezone" value="Asia/Colombo"/>
    <property name="java.vm.specification.version" value="1.8"/>
    <property name="os.name" value="Windows 10"/>
    <property name="user.country" value="US"/>
    <property name="sun.java.launcher" value="SUN_STANDARD"/>
    <property name="sun.boot.library.path" value="C:\Program Files\IFS\DeveloperStudio10.82\developer_studio\jdk1.8.0_112_64bit\jre\bin"/>
    <property name="sun.java.command" value="C:\Users\mabalk\AppData\Local\Temp\surefire9181362915494031171\surefirebooter4738713992607680106.jar C:\Users\mabalk\AppData\Local\Temp\surefire9181362915494031171 2019-05-18T15-10-19_993-jvmRun1 surefire5880458840057215514tmp surefire_07579910412094041439tmp"/>
    <property name="surefire.test.class.path" value="E:\my-app\target\test-classes;E:\my-app\target\classes;C:\Users\mabalk\.m2\repository\junit\junit\4.11\junit-4.11.jar;C:\Users\mabalk\.m2\repository\org\hamcrest\hamcrest-core\1.3\hamcrest-core-1.3.jar;"/>
    <property name="sun.cpu.endian" value="little"/>
    <property name="user.home" value="C:\Users\mabalk"/>
    <property name="user.language" value="en"/>
    <property name="java.specification.vendor" value="Oracle Corporation"/>
    <property name="java.home" value="C:\Program Files\IFS\DeveloperStudio10.82\developer_studio\jdk1.8.0_112_64bit\jre"/>
    <property name="basedir" value="E:\my-app"/>
    <property name="file.separator" value="\"/>
    <property name="line.separator" value="&#10;"/>
    <property name="java.vm.specification.vendor" value="Oracle Corporation"/>
    <property name="java.specification.name" value="Java Platform API Specification"/>
    <property name="java.awt.graphicsenv" value="sun.awt.Win32GraphicsEnvironment"/>
    <property name="surefire.real.class.path" value="C:\Users\mabalk\AppData\Local\Temp\surefire9181362915494031171\surefirebooter4738713992607680106.jar"/>
    <property name="sun.boot.class.path" value="C:\Program Files\IFS\DeveloperStudio10.82\developer_studio\jdk1.8.0_112_64bit\jre\lib\resources.jar;C:\Program Files\IFS\DeveloperStudio10.82\developer_studio\jdk1.8.0_112_64bit\jre\lib\rt.jar;C:\Program Files\IFS\DeveloperStudio10.82\developer_studio\jdk1.8.0_112_64bit\jre\lib\sunrsasign.jar;C:\Program Files\IFS\DeveloperStudio10.82\developer_studio\jdk1.8.0_112_64bit\jre\lib\jsse.jar;C:\Program Files\IFS\DeveloperStudio10.82\developer_studio\jdk1.8.0_112_64bit\jre\lib\jce.jar;C:\Program Files\IFS\DeveloperStudio10.82\developer_studio\jdk1.8.0_112_64bit\jre\lib\charsets.jar;C:\Program Files\IFS\DeveloperStudio10.82\developer_studio\jdk1.8.0_112_64bit\jre\lib\jfr.jar;C:\Program Files\IFS\DeveloperStudio10.82\developer_studio\jdk1.8.0_112_64bit\jre\classes"/>
    <property name="user.script" value=""/>
    <property name="sun.management.compiler" value="HotSpot 64-Bit Tiered Compilers"/>
    <property name="java.runtime.version" value="1.8.0_112-b15"/>
    <property name="user.name" value="mabalk"/>
    <property name="path.separator" value=";"/>
    <property name="os.version" value="10.0"/>
    <property name="java.endorsed.dirs" value="C:\Program Files\IFS\DeveloperStudio10.82\developer_studio\jdk1.8.0_112_64bit\jre\lib\endorsed"/>
    <property name="java.runtime.name" value="Java(TM) SE Runtime Environment"/>
    <property name="file.encoding" value="Cp1252"/>
    <property name="java.vm.name" value="Java HotSpot(TM) 64-Bit Server VM"/>
    <property name="localRepository" value="C:\Users\mabalk\.m2\repository"/>
    <property name="java.vendor.url.bug" value="http://bugreport.sun.com/bugreport/"/>
    <property name="java.io.tmpdir" value="C:\Users\mabalk\AppData\Local\Temp\"/>
    <property name="java.version" value="1.8.0_112"/>
    <property name="user.dir" value="E:\my-app"/>
    <property name="os.arch" value="amd64"/>
    <property name="java.vm.specification.name" value="Java Virtual Machine Specification"/>
    <property name="java.awt.printerjob" value="sun.awt.windows.WPrinterJob"/>
    <property name="sun.os.patch.level" value=""/>
    <property name="java.library.path" value="C:\Program Files\IFS\DeveloperStudio10.82\developer_studio\jdk1.8.0_112_64bit\jre\bin;C:\WINDOWS\Sun\Java\bin;C:\WINDOWS\system32;C:\WINDOWS;C:\Program Files\Python37\Scripts\;C:\Program Files\Python37\;C:\app\mabalk\client\product\12.2.0\client_1\bin;C:\app\mabalk\virtual\product\12.2.0\dbhome_1\bin;C:\Program Files (x86)\CA\SharedComponents\PEC\bin;C:\WINDOWS\system32;C:\WINDOWS;C:\WINDOWS\System32\Wbem;C:\WINDOWS\System32\WindowsPowerShell\v1.0\;c:\Program Files (x86)\Microsoft SQL Server\100\Tools\Binn\;c:\Program Files\Microsoft SQL Server\100\Tools\Binn\;c:\Program Files\Microsoft SQL Server\100\DTS\Binn\;C:\Program Files (x86)\Skype\Phone\;C:\Program Files (x86)\Windows Kits\8.1\Windows Performance Toolkit\;C:\Program Files\Microsoft SQL Server\110\Tools\Binn\;C:\Program Files (x86)\vslick\win;C:\Program Files\IFS\DeveloperStudio10.82\developer_studio\jdk1.8.0_112_64bit\bin;C:\Program Files\TortoiseSVN\bin;C:\Program Files (x86)\Microsoft SQL Server\120\Tools\Binn\ManagementStudio\;C:\Program Files (x86)\Microsoft SQL Server\120\Tools\Binn\;C:\Program Files (x86)\Microsoft Visual Studio 12.0\Common7\IDE\PrivateAssemblies\;C:\Program Files (x86)\Microsoft SQL Server\120\DTS\Binn\;C:\Program Files\CA\SCM;C:\Program Files (x86)\HP\Sprinter\bin;C:\Program Files\Intel\WiFi\bin\;C:\Program Files\Common Files\Intel\WirelessCommon\;C:\WINDOWS\System32\OpenSSH\;C:\Program Files\Git\cmd;C:\Program Files\TortoiseGit\bin;C:\apache-maven-3.6.1\bin;C:\Users\mabalk\AppData\Local\Microsoft\WindowsApps;C:\Users\mabalk\AppData\Local\Programs\Microsoft VS Code\bin;."/>
    <property name="java.vm.info" value="mixed mode"/>
    <property name="java.vendor" value="Oracle Corporation"/>
    <property name="java.vm.version" value="25.112-b15"/>
    <property name="java.ext.dirs" value="C:\Program Files\IFS\DeveloperStudio10.82\developer_studio\jdk1.8.0_112_64bit\jre\lib\ext;C:\WINDOWS\Sun\Java\lib\ext"/>
    <property name="sun.io.unicode.encoding" value="UnicodeLittle"/>
    <property name="java.class.version" value="52.0"/>
  </properties>
  <testcase name="shouldAnswerWithTrue" classname="com.mycompany.app.AppTest" time="0.002"/>
</testsuite>